0 info it worked if it ends with ok
1 verbose cli [ 'C:\\Program Files\\nodejs\\node.exe',
1 verbose cli   'C:\\Program Files\\nodejs\\node_modules\\npm\\bin\\npm-cli.js',
1 verbose cli   'start' ]
2 info using npm@3.10.10
3 info using node@v6.11.4
4 verbose run-script [ 'prestart', 'start', 'poststart' ]
5 info lifecycle cloudant_boilerplate_nodejs@0.0.2~prestart: cloudant_boilerplate_nodejs@0.0.2
6 silly lifecycle cloudant_boilerplate_nodejs@0.0.2~prestart: no script for prestart, continuing
7 info lifecycle cloudant_boilerplate_nodejs@0.0.2~start: cloudant_boilerplate_nodejs@0.0.2
8 verbose lifecycle cloudant_boilerplate_nodejs@0.0.2~start: unsafe-perm in lifecycle true
9 verbose lifecycle cloudant_boilerplate_nodejs@0.0.2~start: PATH: C:\Program Files\nodejs\node_modules\npm\bin\node-gyp-bin;C:\Users\derek\untangling\bluemix\auth-db\node_modules\.bin;C:\Users\derek\bin;C:\Program Files\Git\mingw64\bin;C:\Program Files\Git\usr\local\bin;C:\Program Files\Git\usr\bin;C:\Program Files\Git\usr\bin;C:\Program Files\Git\mingw64\bin;C:\Program Files\Git\usr\bin;C:\Users\derek\bin;C:\Program Files\Docker\Docker\Resources\bin;C:\Program Files\Microsoft HPC Pack 2008 R2\Bin;C:\ProgramData\Oracle\Java\javapath;C:\WINDOWS\system32;C:\WINDOWS;C:\WINDOWS\System32\Wbem;C:\WINDOWS\System32\WindowsPowerShell\v1.0;C:\Program Files (x86)\QuickTime\QTSystem;C:\Program Files (x86)\WinMerge;C:\Program Files (x86)\GtkSharp\2.12\bin;C:\ProgramData\chocolatey\bin;C:\Program Files\OpenSSH-Win64;C:\Program Files\Cloud Foundry;C:\Program Files\erl8.0\bin;C:\Program Files\Git\cmd;C:\Program Files\Git\mingw64\bin;C:\Program Files\Git\usr\bin;C:\python27;C:\python27\scripts;C:\python27\ctags58;C:\Program Files (x86)\Windows Kits\10\Windows Performance Toolkit;C:\Program Files (x86)\Skype\Phone;C:\Users\derek\AppData\Roaming\nvm;C:\Program Files\nodejs;C:\Program Files (x86)\ZeroTier\One;C:\Program Files\nodejs;C:\Program Files\IBM\Bluemix\bin;C:\Users\derek\AppData\Local\Programs\LLNL\VisIt 2.11.0;C:\Program Files (x86)\Microsoft VS Code\bin;C:\Users\derek\.babun;C:\Users\derek\AppData\Local\Microsoft\WindowsApps;C:\sox-14-4-2;C:\Users\derek\AppData\Roaming\nvm;C:\Program Files\nodejs;C:\users\derek\Downloads\platform-tools-latest-windows\platform-tools;C:\Users\derek\AppData\Roaming\npm;C:\Program Files\Git\usr\bin\vendor_perl;C:\Program Files\Git\usr\bin\core_perl
10 verbose lifecycle cloudant_boilerplate_nodejs@0.0.2~start: CWD: C:\Users\derek\untangling\bluemix\auth-db
11 silly lifecycle cloudant_boilerplate_nodejs@0.0.2~start: Args: [ '/d /s /c', 'node app.js' ]
12 silly lifecycle cloudant_boilerplate_nodejs@0.0.2~start: Returned: code: 1  signal: null
13 info lifecycle cloudant_boilerplate_nodejs@0.0.2~start: Failed to exec start script
14 verbose stack Error: cloudant_boilerplate_nodejs@0.0.2 start: `node app.js`
14 verbose stack Exit status 1
14 verbose stack     at EventEmitter.<anonymous> (C:\Program Files\nodejs\node_modules\npm\lib\utils\lifecycle.js:255:16)
14 verbose stack     at emitTwo (events.js:106:13)
14 verbose stack     at EventEmitter.emit (events.js:191:7)
14 verbose stack     at ChildProcess.<anonymous> (C:\Program Files\nodejs\node_modules\npm\lib\utils\spawn.js:40:14)
14 verbose stack     at emitTwo (events.js:106:13)
14 verbose stack     at ChildProcess.emit (events.js:191:7)
14 verbose stack     at maybeClose (internal/child_process.js:920:16)
14 verbose stack     at Process.ChildProcess._handle.onexit (internal/child_process.js:230:5)
15 verbose pkgid cloudant_boilerplate_nodejs@0.0.2
16 verbose cwd C:\Users\derek\untangling\bluemix\auth-db
17 error Windows_NT 10.0.15063
18 error argv "C:\\Program Files\\nodejs\\node.exe" "C:\\Program Files\\nodejs\\node_modules\\npm\\bin\\npm-cli.js" "start"
19 error node v6.11.4
20 error npm  v3.10.10
21 error code ELIFECYCLE
22 error cloudant_boilerplate_nodejs@0.0.2 start: `node app.js`
22 error Exit status 1
23 error Failed at the cloudant_boilerplate_nodejs@0.0.2 start script 'node app.js'.
23 error Make sure you have the latest version of node.js and npm installed.
23 error If you do, this is most likely a problem with the cloudant_boilerplate_nodejs package,
23 error not with npm itself.
23 error Tell the author that this fails on your system:
23 error     node app.js
23 error You can get information on how to open an issue for this project with:
23 error     npm bugs cloudant_boilerplate_nodejs
23 error Or if that isn't available, you can get their info via:
23 error     npm owner ls cloudant_boilerplate_nodejs
23 error There is likely additional logging output above.
24 verbose exit [ 1, true ]
